{"E:\\Desarrollo\\cursosUdemy\\node\\07-RESTWeb\\src\\app.ts": {"path":"E:\\Desarrollo\\cursosUdemy\\node\\07-RESTWeb\\src\\app.ts","all":false,"statementMap":{"0":{"start":{"line":1,"column":0},"end":{"line":1,"column":47}},"1":{"start":{"line":2,"column":0},"end":{"line":2,"column":37}},"2":{"start":{"line":3,"column":0},"end":{"line":3,"column":50}},"3":{"start":{"line":4,"column":0},"end":{"line":4,"column":0}},"4":{"start":{"line":5,"column":0},"end":{"line":5,"column":14}},"5":{"start":{"line":6,"column":0},"end":{"line":6,"column":9}},"6":{"start":{"line":7,"column":0},"end":{"line":7,"column":5}},"7":{"start":{"line":8,"column":0},"end":{"line":8,"column":0}},"8":{"start":{"line":9,"column":0},"end":{"line":9,"column":17}},"9":{"start":{"line":10,"column":0},"end":{"line":10,"column":105}},"10":{"start":{"line":11,"column":0},"end":{"line":11,"column":17}},"11":{"start":{"line":12,"column":0},"end":{"line":12,"column":1}}},"s":{"0":1,"1":1,"2":1,"3":1,"4":1,"5":1,"6":1,"7":1,"8":1,"9":1,"10":1,"11":1},"branchMap":{"0":{"type":"branch","line":5,"loc":{"start":{"line":5,"column":1},"end":{"line":7,"column":2}},"locations":[{"start":{"line":5,"column":1},"end":{"line":7,"column":2}}]},"1":{"type":"branch","line":5,"loc":{"start":{"line":5,"column":12},"end":{"line":7,"column":2}},"locations":[{"start":{"line":5,"column":12},"end":{"line":7,"column":2}}]},"2":{"type":"branch","line":9,"loc":{"start":{"line":9,"column":0},"end":{"line":12,"column":1}},"locations":[{"start":{"line":9,"column":0},"end":{"line":12,"column":1}}]}},"b":{"0":[1],"1":[1],"2":[1]},"fnMap":{"0":{"name":"main","decl":{"start":{"line":9,"column":0},"end":{"line":12,"column":1}},"loc":{"start":{"line":9,"column":0},"end":{"line":12,"column":1}},"line":9}},"f":{"0":1}}
,"E:\\Desarrollo\\cursosUdemy\\node\\07-RESTWeb\\src\\config\\envs.ts": {"path":"E:\\Desarrollo\\cursosUdemy\\node\\07-RESTWeb\\src\\config\\envs.ts","all":false,"statementMap":{"0":{"start":{"line":1,"column":0},"end":{"line":1,"column":23}},"1":{"start":{"line":2,"column":0},"end":{"line":2,"column":30}},"2":{"start":{"line":3,"column":0},"end":{"line":3,"column":0}},"3":{"start":{"line":4,"column":0},"end":{"line":4,"column":21}},"4":{"start":{"line":5,"column":0},"end":{"line":5,"column":46}},"5":{"start":{"line":6,"column":0},"end":{"line":6,"column":63}},"6":{"start":{"line":7,"column":0},"end":{"line":7,"column":2}}},"s":{"0":1,"1":1,"2":1,"3":1,"4":1,"5":1,"6":1},"branchMap":{},"b":{},"fnMap":{},"f":{}}
,"E:\\Desarrollo\\cursosUdemy\\node\\07-RESTWeb\\src\\data\\postgres\\index.ts": {"path":"E:\\Desarrollo\\cursosUdemy\\node\\07-RESTWeb\\src\\data\\postgres\\index.ts","all":false,"statementMap":{"0":{"start":{"line":1,"column":0},"end":{"line":1,"column":46}},"1":{"start":{"line":2,"column":0},"end":{"line":2,"column":0}},"2":{"start":{"line":3,"column":0},"end":{"line":3,"column":41}}},"s":{"0":1,"1":1,"2":1},"branchMap":{},"b":{},"fnMap":{},"f":{}}
,"E:\\Desarrollo\\cursosUdemy\\node\\07-RESTWeb\\src\\domain\\index.ts": {"path":"E:\\Desarrollo\\cursosUdemy\\node\\07-RESTWeb\\src\\domain\\index.ts","all":false,"statementMap":{"0":{"start":{"line":1,"column":0},"end":{"line":1,"column":46}},"1":{"start":{"line":2,"column":0},"end":{"line":2,"column":23}},"2":{"start":{"line":3,"column":0},"end":{"line":3,"column":39}},"3":{"start":{"line":4,"column":0},"end":{"line":4,"column":47}},"4":{"start":{"line":5,"column":0},"end":{"line":5,"column":0}},"5":{"start":{"line":6,"column":0},"end":{"line":6,"column":46}},"6":{"start":{"line":7,"column":0},"end":{"line":7,"column":46}},"7":{"start":{"line":8,"column":0},"end":{"line":8,"column":46}},"8":{"start":{"line":9,"column":0},"end":{"line":9,"column":43}},"9":{"start":{"line":10,"column":0},"end":{"line":10,"column":44}},"10":{"start":{"line":11,"column":0},"end":{"line":11,"column":0}},"11":{"start":{"line":12,"column":0},"end":{"line":12,"column":38}}},"s":{"0":1,"1":1,"2":1,"3":1,"4":1,"5":1,"6":1,"7":1,"8":1,"9":1,"10":1,"11":1},"branchMap":{},"b":{},"fnMap":{},"f":{}}
,"E:\\Desarrollo\\cursosUdemy\\node\\07-RESTWeb\\src\\domain\\dtos\\todos\\create-todo.dto.ts": {"path":"E:\\Desarrollo\\cursosUdemy\\node\\07-RESTWeb\\src\\domain\\dtos\\todos\\create-todo.dto.ts","all":false,"statementMap":{"0":{"start":{"line":1,"column":0},"end":{"line":1,"column":28}},"1":{"start":{"line":2,"column":0},"end":{"line":2,"column":46}},"2":{"start":{"line":3,"column":0},"end":{"line":3,"column":0}},"3":{"start":{"line":4,"column":0},"end":{"line":4,"column":75}},"4":{"start":{"line":5,"column":0},"end":{"line":5,"column":27}},"5":{"start":{"line":6,"column":0},"end":{"line":6,"column":0}},"6":{"start":{"line":7,"column":0},"end":{"line":7,"column":84}},"7":{"start":{"line":8,"column":0},"end":{"line":8,"column":48}},"8":{"start":{"line":9,"column":0},"end":{"line":9,"column":3}},"9":{"start":{"line":10,"column":0},"end":{"line":10,"column":1}}},"s":{"0":1,"1":1,"2":1,"3":1,"4":3,"5":3,"6":3,"7":1,"8":1,"9":1},"branchMap":{"0":{"type":"branch","line":2,"loc":{"start":{"line":2,"column":2},"end":{"line":2,"column":46}},"locations":[{"start":{"line":2,"column":2},"end":{"line":2,"column":46}}]},"1":{"type":"branch","line":4,"loc":{"start":{"line":4,"column":9},"end":{"line":9,"column":3}},"locations":[{"start":{"line":4,"column":9},"end":{"line":9,"column":3}}]},"2":{"type":"branch","line":7,"loc":{"start":{"line":7,"column":13},"end":{"line":7,"column":34}},"locations":[{"start":{"line":7,"column":13},"end":{"line":7,"column":34}}]},"3":{"type":"branch","line":7,"loc":{"start":{"line":7,"column":36},"end":{"line":7,"column":84}},"locations":[{"start":{"line":7,"column":36},"end":{"line":7,"column":84}}]},"4":{"type":"branch","line":8,"loc":{"start":{"line":8,"column":-2},"end":{"line":9,"column":3}},"locations":[{"start":{"line":8,"column":-2},"end":{"line":9,"column":3}}]}},"b":{"0":[1],"1":[3],"2":[1],"3":[2],"4":[1]},"fnMap":{"0":{"name":"CreateTodoDto","decl":{"start":{"line":2,"column":2},"end":{"line":2,"column":46}},"loc":{"start":{"line":2,"column":2},"end":{"line":2,"column":46}},"line":2},"1":{"name":"create","decl":{"start":{"line":4,"column":9},"end":{"line":9,"column":3}},"loc":{"start":{"line":4,"column":9},"end":{"line":9,"column":3}},"line":4}},"f":{"0":1,"1":3}}
,"E:\\Desarrollo\\cursosUdemy\\node\\07-RESTWeb\\src\\domain\\errors\\custom.error.ts": {"path":"E:\\Desarrollo\\cursosUdemy\\node\\07-RESTWeb\\src\\domain\\errors\\custom.error.ts","all":false,"statementMap":{"0":{"start":{"line":1,"column":0},"end":{"line":1,"column":40}},"1":{"start":{"line":2,"column":0},"end":{"line":2,"column":90}},"2":{"start":{"line":3,"column":0},"end":{"line":3,"column":19}},"3":{"start":{"line":4,"column":0},"end":{"line":4,"column":3}},"4":{"start":{"line":5,"column":0},"end":{"line":5,"column":1}}},"s":{"0":1,"1":1,"2":3,"3":3,"4":1},"branchMap":{"0":{"type":"branch","line":2,"loc":{"start":{"line":2,"column":2},"end":{"line":4,"column":3}},"locations":[{"start":{"line":2,"column":2},"end":{"line":4,"column":3}}]}},"b":{"0":[3]},"fnMap":{"0":{"name":"CustomError","decl":{"start":{"line":2,"column":2},"end":{"line":4,"column":3}},"loc":{"start":{"line":2,"column":2},"end":{"line":4,"column":3}},"line":2}},"f":{"0":3}}
,"E:\\Desarrollo\\cursosUdemy\\node\\07-RESTWeb\\src\\infrastructure\\datasources\\todo.datasource.impl.ts": {"path":"E:\\Desarrollo\\cursosUdemy\\node\\07-RESTWeb\\src\\infrastructure\\datasources\\todo.datasource.impl.ts","all":false,"statementMap":{"0":{"start":{"line":1,"column":0},"end":{"line":1,"column":45}},"1":{"start":{"line":2,"column":0},"end":{"line":2,"column":101}},"2":{"start":{"line":3,"column":0},"end":{"line":3,"column":0}},"3":{"start":{"line":4,"column":0},"end":{"line":4,"column":59}},"4":{"start":{"line":5,"column":0},"end":{"line":5,"column":41}},"5":{"start":{"line":6,"column":0},"end":{"line":6,"column":47}},"6":{"start":{"line":7,"column":0},"end":{"line":7,"column":58}},"7":{"start":{"line":8,"column":0},"end":{"line":8,"column":3}},"8":{"start":{"line":9,"column":0},"end":{"line":9,"column":0}},"9":{"start":{"line":10,"column":0},"end":{"line":10,"column":51}},"10":{"start":{"line":11,"column":0},"end":{"line":11,"column":64}},"11":{"start":{"line":12,"column":0},"end":{"line":12,"column":74}},"12":{"start":{"line":13,"column":0},"end":{"line":13,"column":39}},"13":{"start":{"line":14,"column":0},"end":{"line":14,"column":3}},"14":{"start":{"line":15,"column":0},"end":{"line":15,"column":0}},"15":{"start":{"line":16,"column":0},"end":{"line":16,"column":67}},"16":{"start":{"line":17,"column":0},"end":{"line":17,"column":49}},"17":{"start":{"line":18,"column":0},"end":{"line":18,"column":27}},"18":{"start":{"line":19,"column":0},"end":{"line":19,"column":7}},"19":{"start":{"line":20,"column":0},"end":{"line":20,"column":45}},"20":{"start":{"line":21,"column":0},"end":{"line":21,"column":3}},"21":{"start":{"line":22,"column":0},"end":{"line":22,"column":0}},"22":{"start":{"line":23,"column":0},"end":{"line":23,"column":71}},"23":{"start":{"line":24,"column":0},"end":{"line":24,"column":42}},"24":{"start":{"line":25,"column":0},"end":{"line":25,"column":0}},"25":{"start":{"line":26,"column":0},"end":{"line":26,"column":49}},"26":{"start":{"line":27,"column":0},"end":{"line":27,"column":38}},"27":{"start":{"line":28,"column":0},"end":{"line":28,"column":34}},"28":{"start":{"line":29,"column":0},"end":{"line":29,"column":7}},"29":{"start":{"line":30,"column":0},"end":{"line":30,"column":45}},"30":{"start":{"line":31,"column":0},"end":{"line":31,"column":3}},"31":{"start":{"line":32,"column":0},"end":{"line":32,"column":0}},"32":{"start":{"line":33,"column":0},"end":{"line":33,"column":53}},"33":{"start":{"line":34,"column":0},"end":{"line":34,"column":28}},"34":{"start":{"line":35,"column":0},"end":{"line":35,"column":67}},"35":{"start":{"line":36,"column":0},"end":{"line":36,"column":0}},"36":{"start":{"line":37,"column":0},"end":{"line":37,"column":80}},"37":{"start":{"line":38,"column":0},"end":{"line":38,"column":0}},"38":{"start":{"line":39,"column":0},"end":{"line":39,"column":45}},"39":{"start":{"line":40,"column":0},"end":{"line":40,"column":3}},"40":{"start":{"line":41,"column":0},"end":{"line":41,"column":1}}},"s":{"0":1,"1":1,"2":1,"3":1,"4":1,"5":1,"6":1,"7":1,"8":1,"9":1,"10":8,"11":8,"12":5,"13":5,"14":1,"15":1,"16":1,"17":1,"18":1,"19":1,"20":1,"21":1,"22":1,"23":4,"24":3,"25":3,"26":3,"27":3,"28":3,"29":3,"30":3,"31":1,"32":1,"33":2,"34":1,"35":1,"36":2,"37":1,"38":1,"39":1,"40":1},"branchMap":{"0":{"type":"branch","line":5,"loc":{"start":{"line":5,"column":8},"end":{"line":8,"column":3}},"locations":[{"start":{"line":5,"column":8},"end":{"line":8,"column":3}}]},"1":{"type":"branch","line":7,"loc":{"start":{"line":7,"column":21},"end":{"line":7,"column":56}},"locations":[{"start":{"line":7,"column":21},"end":{"line":7,"column":56}}]},"2":{"type":"branch","line":10,"loc":{"start":{"line":10,"column":8},"end":{"line":14,"column":3}},"locations":[{"start":{"line":10,"column":8},"end":{"line":14,"column":3}}]},"3":{"type":"branch","line":12,"loc":{"start":{"line":12,"column":15},"end":{"line":12,"column":74}},"locations":[{"start":{"line":12,"column":15},"end":{"line":12,"column":74}}]},"4":{"type":"branch","line":13,"loc":{"start":{"line":13,"column":-2},"end":{"line":14,"column":3}},"locations":[{"start":{"line":13,"column":-2},"end":{"line":14,"column":3}}]},"5":{"type":"branch","line":16,"loc":{"start":{"line":16,"column":8},"end":{"line":21,"column":3}},"locations":[{"start":{"line":16,"column":8},"end":{"line":21,"column":3}}]},"6":{"type":"branch","line":23,"loc":{"start":{"line":23,"column":8},"end":{"line":31,"column":3}},"locations":[{"start":{"line":23,"column":8},"end":{"line":31,"column":3}}]},"7":{"type":"branch","line":25,"loc":{"start":{"line":25,"column":-2},"end":{"line":31,"column":3}},"locations":[{"start":{"line":25,"column":-2},"end":{"line":31,"column":3}}]},"8":{"type":"branch","line":33,"loc":{"start":{"line":33,"column":8},"end":{"line":40,"column":3}},"locations":[{"start":{"line":33,"column":8},"end":{"line":40,"column":3}}]},"9":{"type":"branch","line":35,"loc":{"start":{"line":35,"column":-2},"end":{"line":37,"column":27}},"locations":[{"start":{"line":35,"column":-2},"end":{"line":37,"column":27}}]},"10":{"type":"branch","line":37,"loc":{"start":{"line":37,"column":21},"end":{"line":37,"column":80}},"locations":[{"start":{"line":37,"column":21},"end":{"line":37,"column":80}}]},"11":{"type":"branch","line":38,"loc":{"start":{"line":38,"column":-2},"end":{"line":40,"column":3}},"locations":[{"start":{"line":38,"column":-2},"end":{"line":40,"column":3}}]}},"b":{"0":[1],"1":[2],"2":[8],"3":[3],"4":[5],"5":[1],"6":[4],"7":[3],"8":[2],"9":[1],"10":[0],"11":[1]},"fnMap":{"0":{"name":"getAll","decl":{"start":{"line":5,"column":8},"end":{"line":8,"column":3}},"loc":{"start":{"line":5,"column":8},"end":{"line":8,"column":3}},"line":5},"1":{"name":"findById","decl":{"start":{"line":10,"column":8},"end":{"line":14,"column":3}},"loc":{"start":{"line":10,"column":8},"end":{"line":14,"column":3}},"line":10},"2":{"name":"create","decl":{"start":{"line":16,"column":8},"end":{"line":21,"column":3}},"loc":{"start":{"line":16,"column":8},"end":{"line":21,"column":3}},"line":16},"3":{"name":"updateById","decl":{"start":{"line":23,"column":8},"end":{"line":31,"column":3}},"loc":{"start":{"line":23,"column":8},"end":{"line":31,"column":3}},"line":23},"4":{"name":"deleteById","decl":{"start":{"line":33,"column":8},"end":{"line":40,"column":3}},"loc":{"start":{"line":33,"column":8},"end":{"line":40,"column":3}},"line":33}},"f":{"0":1,"1":8,"2":1,"3":4,"4":2}}
,"E:\\Desarrollo\\cursosUdemy\\node\\07-RESTWeb\\src\\presentation\\server.ts": {"path":"E:\\Desarrollo\\cursosUdemy\\node\\07-RESTWeb\\src\\presentation\\server.ts","all":false,"statementMap":{"0":{"start":{"line":1,"column":0},"end":{"line":1,"column":42}},"1":{"start":{"line":2,"column":0},"end":{"line":2,"column":38}},"2":{"start":{"line":3,"column":0},"end":{"line":3,"column":24}},"3":{"start":{"line":4,"column":0},"end":{"line":4,"column":0}},"4":{"start":{"line":5,"column":0},"end":{"line":5,"column":19}},"5":{"start":{"line":6,"column":0},"end":{"line":6,"column":15}},"6":{"start":{"line":7,"column":0},"end":{"line":7,"column":17}},"7":{"start":{"line":8,"column":0},"end":{"line":8,"column":22}},"8":{"start":{"line":9,"column":0},"end":{"line":9,"column":1}},"9":{"start":{"line":10,"column":0},"end":{"line":10,"column":0}},"10":{"start":{"line":11,"column":0},"end":{"line":11,"column":21}},"11":{"start":{"line":12,"column":0},"end":{"line":12,"column":34}},"12":{"start":{"line":13,"column":0},"end":{"line":13,"column":31}},"13":{"start":{"line":14,"column":0},"end":{"line":14,"column":32}},"14":{"start":{"line":15,"column":0},"end":{"line":15,"column":38}},"15":{"start":{"line":16,"column":0},"end":{"line":16,"column":34}},"16":{"start":{"line":17,"column":0},"end":{"line":17,"column":0}},"17":{"start":{"line":18,"column":0},"end":{"line":18,"column":33}},"18":{"start":{"line":19,"column":0},"end":{"line":19,"column":60}},"19":{"start":{"line":20,"column":0},"end":{"line":20,"column":21}},"20":{"start":{"line":21,"column":0},"end":{"line":21,"column":33}},"21":{"start":{"line":22,"column":0},"end":{"line":22,"column":25}},"22":{"start":{"line":23,"column":0},"end":{"line":23,"column":3}},"23":{"start":{"line":24,"column":0},"end":{"line":24,"column":0}},"24":{"start":{"line":25,"column":0},"end":{"line":25,"column":17}},"25":{"start":{"line":26,"column":0},"end":{"line":26,"column":20}},"26":{"start":{"line":27,"column":0},"end":{"line":27,"column":33}},"27":{"start":{"line":28,"column":0},"end":{"line":28,"column":57}},"28":{"start":{"line":29,"column":0},"end":{"line":29,"column":32}},"29":{"start":{"line":30,"column":0},"end":{"line":30,"column":0}},"30":{"start":{"line":31,"column":0},"end":{"line":31,"column":22}},"31":{"start":{"line":32,"column":0},"end":{"line":32,"column":50}},"32":{"start":{"line":33,"column":0},"end":{"line":33,"column":0}},"33":{"start":{"line":34,"column":0},"end":{"line":34,"column":15}},"34":{"start":{"line":35,"column":0},"end":{"line":35,"column":30}},"35":{"start":{"line":36,"column":0},"end":{"line":36,"column":0}},"36":{"start":{"line":37,"column":0},"end":{"line":37,"column":12}},"37":{"start":{"line":38,"column":0},"end":{"line":38,"column":37}},"38":{"start":{"line":39,"column":0},"end":{"line":39,"column":88}},"39":{"start":{"line":40,"column":0},"end":{"line":40,"column":30}},"40":{"start":{"line":41,"column":0},"end":{"line":41,"column":7}},"41":{"start":{"line":42,"column":0},"end":{"line":42,"column":0}},"42":{"start":{"line":43,"column":0},"end":{"line":43,"column":60}},"43":{"start":{"line":44,"column":0},"end":{"line":44,"column":57}},"44":{"start":{"line":45,"column":0},"end":{"line":45,"column":7}},"45":{"start":{"line":46,"column":0},"end":{"line":46,"column":3}},"46":{"start":{"line":47,"column":0},"end":{"line":47,"column":0}},"47":{"start":{"line":48,"column":0},"end":{"line":48,"column":18}},"48":{"start":{"line":49,"column":0},"end":{"line":49,"column":33}},"49":{"start":{"line":50,"column":0},"end":{"line":50,"column":3}},"50":{"start":{"line":51,"column":0},"end":{"line":51,"column":1}}},"s":{"0":1,"1":1,"2":1,"3":1,"4":1,"5":1,"6":1,"7":1,"8":1,"9":1,"10":1,"11":1,"12":1,"13":1,"14":1,"15":1,"16":1,"17":1,"18":1,"19":1,"20":1,"21":1,"22":1,"23":1,"24":1,"25":1,"26":1,"27":1,"28":1,"29":1,"30":1,"31":1,"32":1,"33":1,"34":1,"35":1,"36":1,"37":1,"38":0,"39":0,"40":1,"41":1,"42":1,"43":1,"44":1,"45":1,"46":1,"47":1,"48":1,"49":1,"50":1},"branchMap":{"0":{"type":"branch","line":18,"loc":{"start":{"line":18,"column":2},"end":{"line":23,"column":3}},"locations":[{"start":{"line":18,"column":2},"end":{"line":23,"column":3}}]},"1":{"type":"branch","line":25,"loc":{"start":{"line":25,"column":8},"end":{"line":46,"column":3}},"locations":[{"start":{"line":25,"column":8},"end":{"line":46,"column":3}}]},"2":{"type":"branch","line":43,"loc":{"start":{"line":43,"column":53},"end":{"line":45,"column":5}},"locations":[{"start":{"line":43,"column":53},"end":{"line":45,"column":5}}]},"3":{"type":"branch","line":48,"loc":{"start":{"line":48,"column":9},"end":{"line":50,"column":3}},"locations":[{"start":{"line":48,"column":9},"end":{"line":50,"column":3}}]},"4":{"type":"branch","line":49,"loc":{"start":{"line":49,"column":23},"end":{"line":49,"column":25}},"locations":[{"start":{"line":49,"column":23},"end":{"line":49,"column":25}}]}},"b":{"0":[1],"1":[1],"2":[1],"3":[1],"4":[0]},"fnMap":{"0":{"name":"Server","decl":{"start":{"line":18,"column":2},"end":{"line":23,"column":3}},"loc":{"start":{"line":18,"column":2},"end":{"line":23,"column":3}},"line":18},"1":{"name":"start","decl":{"start":{"line":25,"column":8},"end":{"line":46,"column":3}},"loc":{"start":{"line":25,"column":8},"end":{"line":46,"column":3}},"line":25},"2":{"name":"close","decl":{"start":{"line":48,"column":9},"end":{"line":50,"column":3}},"loc":{"start":{"line":48,"column":9},"end":{"line":50,"column":3}},"line":48}},"f":{"0":1,"1":1,"2":1}}
,"E:\\Desarrollo\\cursosUdemy\\node\\07-RESTWeb\\src\\presentation\\todos\\controller.ts": {"path":"E:\\Desarrollo\\cursosUdemy\\node\\07-RESTWeb\\src\\presentation\\todos\\controller.ts","all":false,"statementMap":{"0":{"start":{"line":1,"column":0},"end":{"line":1,"column":44}},"1":{"start":{"line":2,"column":0},"end":{"line":2,"column":65}},"2":{"start":{"line":3,"column":0},"end":{"line":3,"column":126}},"3":{"start":{"line":4,"column":0},"end":{"line":4,"column":0}},"4":{"start":{"line":5,"column":0},"end":{"line":5,"column":30}},"5":{"start":{"line":6,"column":0},"end":{"line":6,"column":9}},"6":{"start":{"line":7,"column":0},"end":{"line":7,"column":65}},"7":{"start":{"line":8,"column":0},"end":{"line":8,"column":0}},"8":{"start":{"line":9,"column":0},"end":{"line":9,"column":60}},"9":{"start":{"line":10,"column":0},"end":{"line":10,"column":105}},"10":{"start":{"line":11,"column":0},"end":{"line":11,"column":0}},"11":{"start":{"line":12,"column":0},"end":{"line":12,"column":81}},"12":{"start":{"line":13,"column":0},"end":{"line":13,"column":4}},"13":{"start":{"line":14,"column":0},"end":{"line":14,"column":0}},"14":{"start":{"line":15,"column":0},"end":{"line":15,"column":54}},"15":{"start":{"line":16,"column":0},"end":{"line":16,"column":37}},"16":{"start":{"line":17,"column":0},"end":{"line":17,"column":16}},"17":{"start":{"line":18,"column":0},"end":{"line":18,"column":37}},"18":{"start":{"line":19,"column":0},"end":{"line":19,"column":52}},"19":{"start":{"line":20,"column":0},"end":{"line":20,"column":4}},"20":{"start":{"line":21,"column":0},"end":{"line":21,"column":0}},"21":{"start":{"line":22,"column":0},"end":{"line":22,"column":57}},"22":{"start":{"line":23,"column":0},"end":{"line":23,"column":30}},"23":{"start":{"line":24,"column":0},"end":{"line":24,"column":87}},"24":{"start":{"line":25,"column":0},"end":{"line":25,"column":0}},"25":{"start":{"line":26,"column":0},"end":{"line":26,"column":36}},"26":{"start":{"line":27,"column":0},"end":{"line":27,"column":18}},"27":{"start":{"line":28,"column":0},"end":{"line":28,"column":35}},"28":{"start":{"line":29,"column":0},"end":{"line":29,"column":52}},"29":{"start":{"line":30,"column":0},"end":{"line":30,"column":4}},"30":{"start":{"line":31,"column":0},"end":{"line":31,"column":0}},"31":{"start":{"line":32,"column":0},"end":{"line":32,"column":56}},"32":{"start":{"line":33,"column":0},"end":{"line":33,"column":66}},"33":{"start":{"line":34,"column":0},"end":{"line":34,"column":54}},"34":{"start":{"line":35,"column":0},"end":{"line":35,"column":0}},"35":{"start":{"line":36,"column":0},"end":{"line":36,"column":39}},"36":{"start":{"line":37,"column":0},"end":{"line":37,"column":30}},"37":{"start":{"line":38,"column":0},"end":{"line":38,"column":47}},"38":{"start":{"line":39,"column":0},"end":{"line":39,"column":52}},"39":{"start":{"line":40,"column":0},"end":{"line":40,"column":4}},"40":{"start":{"line":41,"column":0},"end":{"line":41,"column":0}},"41":{"start":{"line":42,"column":0},"end":{"line":42,"column":56}},"42":{"start":{"line":43,"column":0},"end":{"line":43,"column":30}},"43":{"start":{"line":44,"column":0},"end":{"line":44,"column":0}},"44":{"start":{"line":45,"column":0},"end":{"line":45,"column":57}},"45":{"start":{"line":46,"column":0},"end":{"line":46,"column":18}},"46":{"start":{"line":47,"column":0},"end":{"line":47,"column":9}},"47":{"start":{"line":48,"column":0},"end":{"line":48,"column":7}},"48":{"start":{"line":49,"column":0},"end":{"line":49,"column":54}},"49":{"start":{"line":50,"column":0},"end":{"line":50,"column":0}},"50":{"start":{"line":51,"column":0},"end":{"line":51,"column":39}},"51":{"start":{"line":52,"column":0},"end":{"line":52,"column":30}},"52":{"start":{"line":53,"column":0},"end":{"line":53,"column":35}},"53":{"start":{"line":54,"column":0},"end":{"line":54,"column":52}},"54":{"start":{"line":55,"column":0},"end":{"line":55,"column":4}},"55":{"start":{"line":56,"column":0},"end":{"line":56,"column":0}},"56":{"start":{"line":57,"column":0},"end":{"line":57,"column":56}},"57":{"start":{"line":58,"column":0},"end":{"line":58,"column":30}},"58":{"start":{"line":59,"column":0},"end":{"line":59,"column":87}},"59":{"start":{"line":60,"column":0},"end":{"line":60,"column":0}},"60":{"start":{"line":61,"column":0},"end":{"line":61,"column":39}},"61":{"start":{"line":62,"column":0},"end":{"line":62,"column":19}},"62":{"start":{"line":63,"column":0},"end":{"line":63,"column":35}},"63":{"start":{"line":64,"column":0},"end":{"line":64,"column":52}},"64":{"start":{"line":65,"column":0},"end":{"line":65,"column":4}},"65":{"start":{"line":66,"column":0},"end":{"line":66,"column":1}}},"s":{"0":1,"1":1,"2":1,"3":1,"4":1,"5":1,"6":1,"7":1,"8":1,"9":3,"10":0,"11":0,"12":1,"13":1,"14":1,"15":1,"16":1,"17":1,"18":1,"19":1,"20":1,"21":1,"22":3,"23":3,"24":2,"25":2,"26":2,"27":2,"28":2,"29":1,"30":1,"31":1,"32":3,"33":3,"34":1,"35":1,"36":1,"37":1,"38":1,"39":1,"40":1,"41":1,"42":6,"43":6,"44":6,"45":6,"46":6,"47":6,"48":6,"49":4,"50":4,"51":4,"52":4,"53":4,"54":1,"55":1,"56":1,"57":3,"58":3,"59":2,"60":2,"61":2,"62":2,"63":2,"64":1,"65":1},"branchMap":{"0":{"type":"branch","line":7,"loc":{"start":{"line":7,"column":2},"end":{"line":7,"column":65}},"locations":[{"start":{"line":7,"column":2},"end":{"line":7,"column":65}}]},"1":{"type":"branch","line":9,"loc":{"start":{"line":9,"column":24},"end":{"line":13,"column":3}},"locations":[{"start":{"line":9,"column":24},"end":{"line":13,"column":3}}]},"2":{"type":"branch","line":11,"loc":{"start":{"line":11,"column":-2},"end":{"line":13,"column":3}},"locations":[{"start":{"line":11,"column":-2},"end":{"line":13,"column":3}}]},"3":{"type":"branch","line":15,"loc":{"start":{"line":15,"column":20},"end":{"line":20,"column":3}},"locations":[{"start":{"line":15,"column":20},"end":{"line":20,"column":3}}]},"4":{"type":"branch","line":18,"loc":{"start":{"line":18,"column":12},"end":{"line":18,"column":36}},"locations":[{"start":{"line":18,"column":12},"end":{"line":18,"column":36}}]},"5":{"type":"branch","line":22,"loc":{"start":{"line":22,"column":23},"end":{"line":30,"column":3}},"locations":[{"start":{"line":22,"column":23},"end":{"line":30,"column":3}}]},"6":{"type":"branch","line":24,"loc":{"start":{"line":24,"column":19},"end":{"line":24,"column":87}},"locations":[{"start":{"line":24,"column":19},"end":{"line":24,"column":87}}]},"7":{"type":"branch","line":25,"loc":{"start":{"line":25,"column":-2},"end":{"line":30,"column":3}},"locations":[{"start":{"line":25,"column":-2},"end":{"line":30,"column":3}}]},"8":{"type":"branch","line":28,"loc":{"start":{"line":28,"column":12},"end":{"line":28,"column":34}},"locations":[{"start":{"line":28,"column":12},"end":{"line":28,"column":34}}]},"9":{"type":"branch","line":29,"loc":{"start":{"line":29,"column":13},"end":{"line":29,"column":50}},"locations":[{"start":{"line":29,"column":13},"end":{"line":29,"column":50}}]},"10":{"type":"branch","line":32,"loc":{"start":{"line":32,"column":22},"end":{"line":40,"column":3}},"locations":[{"start":{"line":32,"column":22},"end":{"line":40,"column":3}}]},"11":{"type":"branch","line":34,"loc":{"start":{"line":34,"column":15},"end":{"line":34,"column":54}},"locations":[{"start":{"line":34,"column":15},"end":{"line":34,"column":54}}]},"12":{"type":"branch","line":35,"loc":{"start":{"line":35,"column":-2},"end":{"line":40,"column":3}},"locations":[{"start":{"line":35,"column":-2},"end":{"line":40,"column":3}}]},"13":{"type":"branch","line":38,"loc":{"start":{"line":38,"column":12},"end":{"line":38,"column":46}},"locations":[{"start":{"line":38,"column":12},"end":{"line":38,"column":46}}]},"14":{"type":"branch","line":42,"loc":{"start":{"line":42,"column":22},"end":{"line":55,"column":3}},"locations":[{"start":{"line":42,"column":22},"end":{"line":55,"column":3}}]},"15":{"type":"branch","line":49,"loc":{"start":{"line":49,"column":15},"end":{"line":49,"column":54}},"locations":[{"start":{"line":49,"column":15},"end":{"line":49,"column":54}}]},"16":{"type":"branch","line":50,"loc":{"start":{"line":50,"column":-2},"end":{"line":55,"column":3}},"locations":[{"start":{"line":50,"column":-2},"end":{"line":55,"column":3}}]},"17":{"type":"branch","line":53,"loc":{"start":{"line":53,"column":12},"end":{"line":53,"column":34}},"locations":[{"start":{"line":53,"column":12},"end":{"line":53,"column":34}}]},"18":{"type":"branch","line":54,"loc":{"start":{"line":54,"column":13},"end":{"line":54,"column":50}},"locations":[{"start":{"line":54,"column":13},"end":{"line":54,"column":50}}]},"19":{"type":"branch","line":57,"loc":{"start":{"line":57,"column":22},"end":{"line":65,"column":3}},"locations":[{"start":{"line":57,"column":22},"end":{"line":65,"column":3}}]},"20":{"type":"branch","line":59,"loc":{"start":{"line":59,"column":19},"end":{"line":59,"column":87}},"locations":[{"start":{"line":59,"column":19},"end":{"line":59,"column":87}}]},"21":{"type":"branch","line":60,"loc":{"start":{"line":60,"column":-2},"end":{"line":65,"column":3}},"locations":[{"start":{"line":60,"column":-2},"end":{"line":65,"column":3}}]},"22":{"type":"branch","line":63,"loc":{"start":{"line":63,"column":12},"end":{"line":63,"column":34}},"locations":[{"start":{"line":63,"column":12},"end":{"line":63,"column":34}}]},"23":{"type":"branch","line":64,"loc":{"start":{"line":64,"column":13},"end":{"line":64,"column":50}},"locations":[{"start":{"line":64,"column":13},"end":{"line":64,"column":50}}]}},"b":{"0":[2],"1":[3],"2":[0],"3":[1],"4":[1],"5":[3],"6":[1],"7":[2],"8":[1],"9":[1],"10":[3],"11":[2],"12":[1],"13":[1],"14":[6],"15":[2],"16":[4],"17":[3],"18":[1],"19":[3],"20":[1],"21":[2],"22":[1],"23":[1]},"fnMap":{"0":{"name":"TodosController","decl":{"start":{"line":7,"column":2},"end":{"line":7,"column":65}},"loc":{"start":{"line":7,"column":2},"end":{"line":7,"column":65}},"line":7},"1":{"name":"TodosController.handleError","decl":{"start":{"line":9,"column":24},"end":{"line":13,"column":3}},"loc":{"start":{"line":9,"column":24},"end":{"line":13,"column":3}},"line":9},"2":{"name":"TodosController.getTodos","decl":{"start":{"line":15,"column":20},"end":{"line":20,"column":3}},"loc":{"start":{"line":15,"column":20},"end":{"line":20,"column":3}},"line":15},"3":{"name":"TodosController.getTodoById","decl":{"start":{"line":22,"column":23},"end":{"line":30,"column":3}},"loc":{"start":{"line":22,"column":23},"end":{"line":30,"column":3}},"line":22},"4":{"name":"TodosController.createTodo","decl":{"start":{"line":32,"column":22},"end":{"line":40,"column":3}},"loc":{"start":{"line":32,"column":22},"end":{"line":40,"column":3}},"line":32},"5":{"name":"TodosController.updateTodo","decl":{"start":{"line":42,"column":22},"end":{"line":55,"column":3}},"loc":{"start":{"line":42,"column":22},"end":{"line":55,"column":3}},"line":42},"6":{"name":"TodosController.deleteTodo","decl":{"start":{"line":57,"column":22},"end":{"line":65,"column":3}},"loc":{"start":{"line":57,"column":22},"end":{"line":65,"column":3}},"line":57}},"f":{"0":2,"1":3,"2":1,"3":3,"4":3,"5":6,"6":3}}
,"E:\\Desarrollo\\cursosUdemy\\node\\07-RESTWeb\\test\\test-server.ts": {"path":"E:\\Desarrollo\\cursosUdemy\\node\\07-RESTWeb\\test\\test-server.ts","all":false,"statementMap":{"0":{"start":{"line":1,"column":0},"end":{"line":1,"column":52}},"1":{"start":{"line":2,"column":0},"end":{"line":2,"column":42}},"2":{"start":{"line":3,"column":0},"end":{"line":3,"column":55}},"3":{"start":{"line":4,"column":0},"end":{"line":4,"column":0}},"4":{"start":{"line":5,"column":0},"end":{"line":5,"column":38}},"5":{"start":{"line":6,"column":0},"end":{"line":6,"column":18}},"6":{"start":{"line":7,"column":0},"end":{"line":7,"column":27}},"7":{"start":{"line":8,"column":0},"end":{"line":8,"column":3}}},"s":{"0":1,"1":1,"2":1,"3":1,"4":1,"5":1,"6":1,"7":1},"branchMap":{},"b":{},"fnMap":{},"f":{}}
}
